
*** Running vivado
    with args -log Top_Student.vds -m64 -product Vivado -mode batch -messageDb vivado.pb -notrace -source Top_Student.tcl


****** Vivado v2018.2 (64-bit)
  **** SW Build 2258646 on Thu Jun 14 20:03:12 MDT 2018
  **** IP Build 2256618 on Thu Jun 14 22:10:49 MDT 2018
    ** Copyright 1986-2018 Xilinx, Inc. All Rights Reserved.

source Top_Student.tcl -notrace
Command: synth_design -top Top_Student -part xc7a35tcpg236-1
Starting synth_design
Attempting to get a license for feature 'Synthesis' and/or device 'xc7a35t'
INFO: [Common 17-349] Got license for feature 'Synthesis' and/or device 'xc7a35t'
INFO: Launching helper process for spawning children vivado processes
INFO: Helper process launched with PID 2896 
WARNING: [Synth 8-976] orange_on has already been declared [C:/Users/james/Desktop/EE2026 Project/MODS/MODS.srcs/sources_1/new/task_4a.v:73]
WARNING: [Synth 8-2654] second declaration of orange_on ignored [C:/Users/james/Desktop/EE2026 Project/MODS/MODS.srcs/sources_1/new/task_4a.v:73]
INFO: [Synth 8-994] orange_on is declared here [C:/Users/james/Desktop/EE2026 Project/MODS/MODS.srcs/sources_1/new/task_4a.v:71]
---------------------------------------------------------------------------------
Starting RTL Elaboration : Time (s): cpu = 00:00:01 ; elapsed = 00:00:02 . Memory (MB): peak = 368.828 ; gain = 112.102
---------------------------------------------------------------------------------
INFO: [Synth 8-6157] synthesizing module 'Top_Student' [C:/Users/james/Desktop/EE2026 Project/MODS/MODS.srcs/sources_1/new/Top_Student.v:32]
INFO: [Synth 8-6157] synthesizing module 'new_clock' [C:/Users/james/Desktop/EE2026 Project/MODS/MODS.srcs/sources_1/new/Top_Student.v:18]
INFO: [Synth 8-6155] done synthesizing module 'new_clock' (1#1) [C:/Users/james/Desktop/EE2026 Project/MODS/MODS.srcs/sources_1/new/Top_Student.v:18]
INFO: [Synth 8-6157] synthesizing module 'Oled_Display' [C:/Users/james/Desktop/EE2026 Project/MODS/MODS.srcs/sources_1/imports/Desktop/Oled_Display.v:36]
	Parameter Width bound to: 96 - type: integer 
	Parameter Height bound to: 64 - type: integer 
	Parameter PixelCount bound to: 6144 - type: integer 
	Parameter PixelCountWidth bound to: 13 - type: integer 
	Parameter ClkFreq bound to: 6250000 - type: integer 
	Parameter FrameFreq bound to: 60 - type: integer 
	Parameter FrameDiv bound to: 104166 - type: integer 
	Parameter FrameDivWidth bound to: 17 - type: integer 
	Parameter PowerDelay bound to: 20 - type: integer 
	Parameter ResetDelay bound to: 3 - type: integer 
	Parameter VccEnDelay bound to: 20 - type: integer 
	Parameter StartupCompleteDelay bound to: 100 - type: integer 
	Parameter MaxDelay bound to: 100 - type: integer 
	Parameter MaxDelayCount bound to: 625000 - type: integer 
	Parameter StateCount bound to: 32 - type: integer 
	Parameter StateWidth bound to: 5 - type: integer 
	Parameter PowerUp bound to: 5'b00000 
	Parameter Reset bound to: 5'b00001 
	Parameter ReleaseReset bound to: 5'b00011 
	Parameter EnableDriver bound to: 5'b00010 
	Parameter DisplayOff bound to: 5'b00110 
	Parameter SetRemapDisplayFormat bound to: 5'b00111 
	Parameter SetStartLine bound to: 5'b00101 
	Parameter SetOffset bound to: 5'b00100 
	Parameter SetNormalDisplay bound to: 5'b01100 
	Parameter SetMultiplexRatio bound to: 5'b01101 
	Parameter SetMasterConfiguration bound to: 5'b01111 
	Parameter DisablePowerSave bound to: 5'b01110 
	Parameter SetPhaseAdjust bound to: 5'b01010 
	Parameter SetDisplayClock bound to: 5'b01011 
	Parameter SetSecondPrechargeA bound to: 5'b01001 
	Parameter SetSecondPrechargeB bound to: 5'b01000 
	Parameter SetSecondPrechargeC bound to: 5'b11000 
	Parameter SetPrechargeLevel bound to: 5'b11001 
	Parameter SetVCOMH bound to: 5'b11011 
	Parameter SetMasterCurrent bound to: 5'b11010 
	Parameter SetContrastA bound to: 5'b11110 
	Parameter SetContrastB bound to: 5'b11111 
	Parameter SetContrastC bound to: 5'b11101 
	Parameter DisableScrolling bound to: 5'b11100 
	Parameter ClearScreen bound to: 5'b10100 
	Parameter VccEn bound to: 5'b10101 
	Parameter DisplayOn bound to: 5'b10111 
	Parameter PrepareNextFrame bound to: 5'b10110 
	Parameter SetColAddress bound to: 5'b10010 
	Parameter SetRowAddress bound to: 5'b10011 
	Parameter WaitNextFrame bound to: 5'b10001 
	Parameter SendPixel bound to: 5'b10000 
	Parameter SpiCommandMaxWidth bound to: 40 - type: integer 
	Parameter SpiCommandBitCountWidth bound to: 6 - type: integer 
INFO: [Synth 8-226] default block is never used [C:/Users/james/Desktop/EE2026 Project/MODS/MODS.srcs/sources_1/imports/Desktop/Oled_Display.v:123]
INFO: [Synth 8-226] default block is never used [C:/Users/james/Desktop/EE2026 Project/MODS/MODS.srcs/sources_1/imports/Desktop/Oled_Display.v:198]
WARNING: [Synth 8-693] zero replication count - replication ignored [C:/Users/james/Desktop/EE2026 Project/MODS/MODS.srcs/sources_1/imports/Desktop/Oled_Display.v:346]
INFO: [Synth 8-6155] done synthesizing module 'Oled_Display' (2#1) [C:/Users/james/Desktop/EE2026 Project/MODS/MODS.srcs/sources_1/imports/Desktop/Oled_Display.v:36]
INFO: [Synth 8-638] synthesizing module 'MouseCtl' [C:/Users/james/Desktop/EE2026 Project/MODS/MODS.srcs/sources_1/imports/Desktop/Mouse_Control.vhd:212]
	Parameter SYSCLK_FREQUENCY_HZ bound to: 100000000 - type: integer 
	Parameter CHECK_PERIOD_MS bound to: 500 - type: integer 
	Parameter TIMEOUT_PERIOD_MS bound to: 100 - type: integer 
INFO: [Synth 8-3491] module 'Ps2Interface' declared at 'C:/Users/james/Desktop/EE2026 Project/MODS/MODS.srcs/sources_1/imports/Desktop/Ps2Interface.vhd:156' bound to instance 'Inst_Ps2Interface' of component 'Ps2Interface' [C:/Users/james/Desktop/EE2026 Project/MODS/MODS.srcs/sources_1/imports/Desktop/Mouse_Control.vhd:374]
INFO: [Synth 8-638] synthesizing module 'Ps2Interface' [C:/Users/james/Desktop/EE2026 Project/MODS/MODS.srcs/sources_1/imports/Desktop/Ps2Interface.vhd:184]
INFO: [Synth 8-256] done synthesizing module 'Ps2Interface' (3#1) [C:/Users/james/Desktop/EE2026 Project/MODS/MODS.srcs/sources_1/imports/Desktop/Ps2Interface.vhd:184]
WARNING: [Synth 8-6014] Unused sequential element inc_reg was removed.  [C:/Users/james/Desktop/EE2026 Project/MODS/MODS.srcs/sources_1/imports/Desktop/Mouse_Control.vhd:455]
WARNING: [Synth 8-6014] Unused sequential element x_inter_reg was removed.  [C:/Users/james/Desktop/EE2026 Project/MODS/MODS.srcs/sources_1/imports/Desktop/Mouse_Control.vhd:461]
WARNING: [Synth 8-6014] Unused sequential element inc_reg was removed.  [C:/Users/james/Desktop/EE2026 Project/MODS/MODS.srcs/sources_1/imports/Desktop/Mouse_Control.vhd:519]
WARNING: [Synth 8-6014] Unused sequential element y_inter_reg was removed.  [C:/Users/james/Desktop/EE2026 Project/MODS/MODS.srcs/sources_1/imports/Desktop/Mouse_Control.vhd:525]
INFO: [Synth 8-256] done synthesizing module 'MouseCtl' (4#1) [C:/Users/james/Desktop/EE2026 Project/MODS/MODS.srcs/sources_1/imports/Desktop/Mouse_Control.vhd:212]
INFO: [Synth 8-6157] synthesizing module 'border_mux' [C:/Users/james/Desktop/EE2026 Project/MODS/MODS.srcs/sources_1/new/task_4a.v:50]
INFO: [Synth 8-6157] synthesizing module 'xy' [C:/Users/james/Desktop/EE2026 Project/MODS/MODS.srcs/sources_1/new/Top_Student.v:27]
INFO: [Synth 8-6155] done synthesizing module 'xy' (5#1) [C:/Users/james/Desktop/EE2026 Project/MODS/MODS.srcs/sources_1/new/Top_Student.v:27]
INFO: [Synth 8-6157] synthesizing module 'border' [C:/Users/james/Desktop/EE2026 Project/MODS/MODS.srcs/sources_1/new/task_4a.v:12]
INFO: [Synth 8-6155] done synthesizing module 'border' (6#1) [C:/Users/james/Desktop/EE2026 Project/MODS/MODS.srcs/sources_1/new/task_4a.v:12]
INFO: [Synth 8-6157] synthesizing module 'square' [C:/Users/james/Desktop/EE2026 Project/MODS/MODS.srcs/sources_1/new/task_4a.v:29]
INFO: [Synth 8-6155] done synthesizing module 'square' (7#1) [C:/Users/james/Desktop/EE2026 Project/MODS/MODS.srcs/sources_1/new/task_4a.v:29]
WARNING: [Synth 8-6014] Unused sequential element DEBOUNCE_reg was removed.  [C:/Users/james/Desktop/EE2026 Project/MODS/MODS.srcs/sources_1/new/task_4a.v:78]
WARNING: [Synth 8-6014] Unused sequential element red_on_reg was removed.  [C:/Users/james/Desktop/EE2026 Project/MODS/MODS.srcs/sources_1/new/task_4a.v:85]
WARNING: [Synth 8-6014] Unused sequential element COUNT_reg was removed.  [C:/Users/james/Desktop/EE2026 Project/MODS/MODS.srcs/sources_1/new/task_4a.v:96]
WARNING: [Synth 8-6014] Unused sequential element SLOW_CLOCK_reg was removed.  [C:/Users/james/Desktop/EE2026 Project/MODS/MODS.srcs/sources_1/new/task_4a.v:97]
INFO: [Synth 8-6155] done synthesizing module 'border_mux' (8#1) [C:/Users/james/Desktop/EE2026 Project/MODS/MODS.srcs/sources_1/new/task_4a.v:50]
INFO: [Synth 8-6155] done synthesizing module 'Top_Student' (9#1) [C:/Users/james/Desktop/EE2026 Project/MODS/MODS.srcs/sources_1/new/Top_Student.v:32]
WARNING: [Synth 8-3331] design border_mux has unconnected port btnU
WARNING: [Synth 8-3331] design Top_Student has unconnected port JB[2]
WARNING: [Synth 8-3331] design Top_Student has unconnected port led[12]
WARNING: [Synth 8-3331] design Top_Student has unconnected port led[11]
WARNING: [Synth 8-3331] design Top_Student has unconnected port led[10]
WARNING: [Synth 8-3331] design Top_Student has unconnected port led[9]
WARNING: [Synth 8-3331] design Top_Student has unconnected port led[8]
WARNING: [Synth 8-3331] design Top_Student has unconnected port led[7]
WARNING: [Synth 8-3331] design Top_Student has unconnected port led[6]
WARNING: [Synth 8-3331] design Top_Student has unconnected port led[5]
WARNING: [Synth 8-3331] design Top_Student has unconnected port led[4]
WARNING: [Synth 8-3331] design Top_Student has unconnected port led[3]
WARNING: [Synth 8-3331] design Top_Student has unconnected port led[2]
WARNING: [Synth 8-3331] design Top_Student has unconnected port led[1]
WARNING: [Synth 8-3331] design Top_Student has unconnected port led[0]
WARNING: [Synth 8-3331] design Top_Student has unconnected port sw[15]
WARNING: [Synth 8-3331] design Top_Student has unconnected port sw[14]
WARNING: [Synth 8-3331] design Top_Student has unconnected port sw[13]
WARNING: [Synth 8-3331] design Top_Student has unconnected port sw[12]
WARNING: [Synth 8-3331] design Top_Student has unconnected port sw[11]
WARNING: [Synth 8-3331] design Top_Student has unconnected port sw[10]
WARNING: [Synth 8-3331] design Top_Student has unconnected port sw[9]
WARNING: [Synth 8-3331] design Top_Student has unconnected port sw[8]
WARNING: [Synth 8-3331] design Top_Student has unconnected port sw[7]
WARNING: [Synth 8-3331] design Top_Student has unconnected port sw[6]
WARNING: [Synth 8-3331] design Top_Student has unconnected port sw[5]
WARNING: [Synth 8-3331] design Top_Student has unconnected port sw[4]
WARNING: [Synth 8-3331] design Top_Student has unconnected port sw[3]
WARNING: [Synth 8-3331] design Top_Student has unconnected port sw[2]
WARNING: [Synth 8-3331] design Top_Student has unconnected port sw[1]
WARNING: [Synth 8-3331] design Top_Student has unconnected port sw[0]
WARNING: [Synth 8-3331] design Top_Student has unconnected port seg[6]
WARNING: [Synth 8-3331] design Top_Student has unconnected port seg[5]
WARNING: [Synth 8-3331] design Top_Student has unconnected port seg[4]
WARNING: [Synth 8-3331] design Top_Student has unconnected port seg[3]
WARNING: [Synth 8-3331] design Top_Student has unconnected port seg[2]
WARNING: [Synth 8-3331] design Top_Student has unconnected port seg[1]
WARNING: [Synth 8-3331] design Top_Student has unconnected port seg[0]
---------------------------------------------------------------------------------
Finished RTL Elaboration : Time (s): cpu = 00:00:02 ; elapsed = 00:00:03 . Memory (MB): peak = 412.738 ; gain = 156.012
---------------------------------------------------------------------------------

Report Check Netlist: 
+------+------------------+-------+---------+-------+------------------+
|      |Item              |Errors |Warnings |Status |Description       |
+------+------------------+-------+---------+-------+------------------+
|1     |multi_driven_nets |      0|        0|Passed |Multi driven nets |
+------+------------------+-------+---------+-------+------------------+
---------------------------------------------------------------------------------
Start Handling Custom Attributes
---------------------------------------------------------------------------------
---------------------------------------------------------------------------------
Finished Handling Custom Attributes : Time (s): cpu = 00:00:02 ; elapsed = 00:00:03 . Memory (MB): peak = 412.738 ; gain = 156.012
---------------------------------------------------------------------------------
---------------------------------------------------------------------------------
Finished RTL Optimization Phase 1 : Time (s): cpu = 00:00:02 ; elapsed = 00:00:03 . Memory (MB): peak = 412.738 ; gain = 156.012
---------------------------------------------------------------------------------
INFO: [Device 21-403] Loading part xc7a35tcpg236-1
