#-----------------------------------------------------------
# Vivado v2018.2 (64-bit)
# SW Build 2258646 on Thu Jun 14 20:03:12 MDT 2018
# IP Build 2256618 on Thu Jun 14 22:10:49 MDT 2018
# Start of session at: Wed Oct  4 15:24:29 2023
# Process ID: 12896
# Current directory: C:/Users/james/Desktop/EE2026 Project/MODS
# Command line: vivado.exe -gui_launcher_event rodinguilauncherevent11660 C:\Users\james\Desktop\EE2026 Project\MODS\MODS.xpr
# Log file: C:/Users/james/Desktop/EE2026 Project/MODS/vivado.log
# Journal file: C:/Users/james/Desktop/EE2026 Project/MODS\vivado.jou
#-----------------------------------------------------------
start_gui
open_project {C:/Users/james/Desktop/EE2026 Project/MODS/MODS.xpr}
INFO: [Project 1-313] Project file moved from 'C:/Users/elegst/Documents/EE2026 Project/2023-23 Sem 1/To provide/MODS' since last save.
Scanning sources...
Finished scanning sources
INFO: [IP_Flow 19-234] Refreshing IP repositories
INFO: [IP_Flow 19-1704] No user IP repositories specified
INFO: [IP_Flow 19-2313] Loaded Vivado IP repository 'C:/Xilinx/Vivado/2018.2/data/ip'.
update_compile_order -fileset sources_1
launch_runs impl_1 -to_step write_bitstream -jobs 4
[Wed Oct  4 15:26:27 2023] Launched synth_1...
Run output will be captured here: C:/Users/james/Desktop/EE2026 Project/MODS/MODS.runs/synth_1/runme.log
[Wed Oct  4 15:26:27 2023] Launched impl_1...
Run output will be captured here: C:/Users/james/Desktop/EE2026 Project/MODS/MODS.runs/impl_1/runme.log
update_compile_order -fileset sources_1
reset_run synth_1
launch_runs impl_1 -to_step write_bitstream -jobs 4
[Wed Oct  4 15:29:10 2023] Launched synth_1...
Run output will be captured here: C:/Users/james/Desktop/EE2026 Project/MODS/MODS.runs/synth_1/runme.log
[Wed Oct  4 15:29:10 2023] Launched impl_1...
Run output will be captured here: C:/Users/james/Desktop/EE2026 Project/MODS/MODS.runs/impl_1/runme.log
update_compile_order -fileset sources_1
update_compile_order -fileset sources_1
update_compile_order -fileset sources_1
reset_run synth_1
launch_runs impl_1 -to_step write_bitstream -jobs 4
[Wed Oct  4 16:28:46 2023] Launched synth_1...
Run output will be captured here: C:/Users/james/Desktop/EE2026 Project/MODS/MODS.runs/synth_1/runme.log
[Wed Oct  4 16:28:46 2023] Launched impl_1...
Run output will be captured here: C:/Users/james/Desktop/EE2026 Project/MODS/MODS.runs/impl_1/runme.log
reset_run synth_1
launch_runs impl_1 -to_step write_bitstream -jobs 4
[Wed Oct  4 16:29:26 2023] Launched synth_1...
Run output will be captured here: C:/Users/james/Desktop/EE2026 Project/MODS/MODS.runs/synth_1/runme.log
[Wed Oct  4 16:29:26 2023] Launched impl_1...
Run output will be captured here: C:/Users/james/Desktop/EE2026 Project/MODS/MODS.runs/impl_1/runme.log
set_property top Oled_Display [current_fileset]
update_compile_order -fileset sources_1
set_property top Top_Student [current_fileset]
update_compile_order -fileset sources_1
reset_run synth_1
launch_runs impl_1 -to_step write_bitstream -jobs 4
[Wed Oct  4 16:30:17 2023] Launched synth_1...
Run output will be captured here: C:/Users/james/Desktop/EE2026 Project/MODS/MODS.runs/synth_1/runme.log
[Wed Oct  4 16:30:17 2023] Launched impl_1...
Run output will be captured here: C:/Users/james/Desktop/EE2026 Project/MODS/MODS.runs/impl_1/runme.log
add_files -norecurse {{C:/Users/james/Desktop/EE2026 Project/MODS/MODS.srcs/sources_1/imports/Desktop/clk_divider.v} {C:/Users/james/Desktop/EE2026 Project/MODS/MODS.srcs/sources_1/imports/Desktop/Ps2Interface.vhd} {C:/Users/james/Desktop/EE2026 Project/MODS/MODS.srcs/sources_1/imports/Desktop/neural_net.v} {C:/Users/james/Desktop/EE2026 Project/MODS/MODS.srcs/sources_1/imports/Desktop/CanvasTransfer.v} {C:/Users/james/Desktop/EE2026 Project/MODS/MODS.srcs/sources_1/imports/Desktop/module_pack.v} {C:/Users/james/Desktop/EE2026 Project/MODS/MODS.srcs/sources_1/imports/Desktop/ss_display.v}}
WARNING: [filemgmt 56-12] File 'C:/Users/james/Desktop/EE2026 Project/MODS/MODS.srcs/sources_1/imports/Desktop/Ps2Interface.vhd' cannot be added to the project because it already exists in the project, skipping this file
update_compile_order -fileset sources_1
reset_run synth_1
launch_runs impl_1 -to_step write_bitstream -jobs 4
[Wed Oct  4 16:34:05 2023] Launched synth_1...
Run output will be captured here: C:/Users/james/Desktop/EE2026 Project/MODS/MODS.runs/synth_1/runme.log
[Wed Oct  4 16:34:05 2023] Launched impl_1...
Run output will be captured here: C:/Users/james/Desktop/EE2026 Project/MODS/MODS.runs/impl_1/runme.log
add_files {{C:/Users/james/Desktop/EE2026 Project/MODS/MODS.srcs/sources_1/imports/Desktop/Mouse_Control.vhd} {C:/Users/james/Desktop/EE2026 Project/MODS/MODS.srcs/sources_1/imports/Desktop/Oled_Display.v} {C:/Users/james/Desktop/EE2026 Project/MODS/MODS.srcs/sources_1/imports/Desktop/blk_mem_gen_0_1/blk_mem_gen_0.xci} {C:/Users/james/Desktop/EE2026 Project/MODS/MODS.srcs/sources_1/imports/Desktop/neural_net.v} {C:/Users/james/Desktop/EE2026 Project/MODS/MODS.srcs/sources_1/new/Top_Student.v} {C:/Users/james/Desktop/EE2026 Project/MODS/MODS.srcs/sources_1/imports/Desktop/CanvasTransfer.v} {C:/Users/james/Desktop/EE2026 Project/MODS/MODS.srcs/sources_1/imports/Desktop/module_pack.v} {C:/Users/james/Desktop/EE2026 Project/MODS/MODS.srcs/sources_1/imports/Desktop/paint.v} {C:/Users/james/Desktop/EE2026 Project/MODS/MODS.srcs/sources_1/imports/Desktop/blk_mem_gen_const/blk_mem_gen_const.xci} {C:/Users/james/Desktop/EE2026 Project/MODS/MODS.srcs/sources_1/imports/Desktop/ss_display.v} {C:/Users/james/Desktop/EE2026 Project/MODS/MODS.srcs/sources_1/imports/Desktop/clk_divider.v} {C:/Users/james/Desktop/EE2026 Project/MODS/MODS.srcs/sources_1/imports/Desktop/blk_mem_gen_img/blk_mem_gen_img.xci} {C:/Users/james/Desktop/EE2026 Project/MODS/MODS.srcs/sources_1/imports/Desktop/blk_mem_gen_inter/blk_mem_gen_inter.xci} {C:/Users/james/Desktop/EE2026 Project/MODS/MODS.srcs/sources_1/imports/Desktop/Ps2Interface.vhd}}
WARNING: [filemgmt 56-12] File 'C:/Users/james/Desktop/EE2026 Project/MODS/MODS.srcs/sources_1/imports/Desktop/Mouse_Control.vhd' cannot be added to the project because it already exists in the project, skipping this file
WARNING: [filemgmt 56-12] File 'C:/Users/james/Desktop/EE2026 Project/MODS/MODS.srcs/sources_1/imports/Desktop/Oled_Display.v' cannot be added to the project because it already exists in the project, skipping this file
WARNING: [filemgmt 56-12] File 'C:/Users/james/Desktop/EE2026 Project/MODS/MODS.srcs/sources_1/imports/Desktop/neural_net.v' cannot be added to the project because it already exists in the project, skipping this file
WARNING: [filemgmt 56-12] File 'C:/Users/james/Desktop/EE2026 Project/MODS/MODS.srcs/sources_1/new/Top_Student.v' cannot be added to the project because it already exists in the project, skipping this file
WARNING: [filemgmt 56-12] File 'C:/Users/james/Desktop/EE2026 Project/MODS/MODS.srcs/sources_1/imports/Desktop/CanvasTransfer.v' cannot be added to the project because it already exists in the project, skipping this file
WARNING: [filemgmt 56-12] File 'C:/Users/james/Desktop/EE2026 Project/MODS/MODS.srcs/sources_1/imports/Desktop/module_pack.v' cannot be added to the project because it already exists in the project, skipping this file
WARNING: [filemgmt 56-12] File 'C:/Users/james/Desktop/EE2026 Project/MODS/MODS.srcs/sources_1/imports/Desktop/paint.v' cannot be added to the project because it already exists in the project, skipping this file
WARNING: [filemgmt 56-12] File 'C:/Users/james/Desktop/EE2026 Project/MODS/MODS.srcs/sources_1/imports/Desktop/ss_display.v' cannot be added to the project because it already exists in the project, skipping this file
WARNING: [filemgmt 56-12] File 'C:/Users/james/Desktop/EE2026 Project/MODS/MODS.srcs/sources_1/imports/Desktop/clk_divider.v' cannot be added to the project because it already exists in the project, skipping this file
WARNING: [filemgmt 56-12] File 'C:/Users/james/Desktop/EE2026 Project/MODS/MODS.srcs/sources_1/imports/Desktop/Ps2Interface.vhd' cannot be added to the project because it already exists in the project, skipping this file
export_ip_user_files -of_objects  [get_files  {{C:/Users/james/Desktop/EE2026 Project/MODS/MODS.srcs/sources_1/imports/Desktop/blk_mem_gen_0_1/blk_mem_gen_0.xci} {C:/Users/james/Desktop/EE2026 Project/MODS/MODS.srcs/sources_1/imports/Desktop/blk_mem_gen_const/blk_mem_gen_const.xci} {C:/Users/james/Desktop/EE2026 Project/MODS/MODS.srcs/sources_1/imports/Desktop/blk_mem_gen_img/blk_mem_gen_img.xci} {C:/Users/james/Desktop/EE2026 Project/MODS/MODS.srcs/sources_1/imports/Desktop/blk_mem_gen_inter/blk_mem_gen_inter.xci}}] -lib_map_path [list {modelsim=C:/Users/james/Desktop/EE2026 Project/MODS/MODS.cache/compile_simlib/modelsim} {questa=C:/Users/james/Desktop/EE2026 Project/MODS/MODS.cache/compile_simlib/questa} {riviera=C:/Users/james/Desktop/EE2026 Project/MODS/MODS.cache/compile_simlib/riviera} {activehdl=C:/Users/james/Desktop/EE2026 Project/MODS/MODS.cache/compile_simlib/activehdl}] -force -quiet
update_compile_order -fileset sources_1
reset_run synth_1
launch_runs impl_1 -to_step write_bitstream -jobs 4
INFO: [Vivado 12-4149] The synthesis checkpoint for IP 'C:/Users/james/Desktop/EE2026 Project/MODS/MODS.srcs/sources_1/imports/Desktop/blk_mem_gen_inter/blk_mem_gen_inter.xci' is already up-to-date
INFO: [IP_Flow 19-1686] Generating 'Synthesis' target for IP 'blk_mem_gen_const'...
INFO: [IP_Flow 19-1686] Generating 'Synthesis' target for IP 'blk_mem_gen_img'...
INFO: [Vivado 12-4149] The synthesis checkpoint for IP 'C:/Users/james/Desktop/EE2026 Project/MODS/MODS.srcs/sources_1/imports/Desktop/blk_mem_gen_0_1/blk_mem_gen_0.xci' is already up-to-date
[Wed Oct  4 16:35:27 2023] Launched blk_mem_gen_const_synth_1, blk_mem_gen_img_synth_1, synth_1...
Run output will be captured here:
blk_mem_gen_const_synth_1: C:/Users/james/Desktop/EE2026 Project/MODS/MODS.runs/blk_mem_gen_const_synth_1/runme.log
blk_mem_gen_img_synth_1: C:/Users/james/Desktop/EE2026 Project/MODS/MODS.runs/blk_mem_gen_img_synth_1/runme.log
synth_1: C:/Users/james/Desktop/EE2026 Project/MODS/MODS.runs/synth_1/runme.log
[Wed Oct  4 16:35:27 2023] Launched impl_1...
Run output will be captured here: C:/Users/james/Desktop/EE2026 Project/MODS/MODS.runs/impl_1/runme.log
launch_runs: Time (s): cpu = 00:00:08 ; elapsed = 00:00:09 . Memory (MB): peak = 907.711 ; gain = 17.199
reset_run synth_1
launch_runs impl_1 -to_step write_bitstream -jobs 4
INFO: [Vivado 12-4149] The synthesis checkpoint for IP 'C:/Users/james/Desktop/EE2026 Project/MODS/MODS.srcs/sources_1/imports/Desktop/blk_mem_gen_inter/blk_mem_gen_inter.xci' is already up-to-date
INFO: [Vivado 12-4149] The synthesis checkpoint for IP 'C:/Users/james/Desktop/EE2026 Project/MODS/MODS.srcs/sources_1/imports/Desktop/blk_mem_gen_0_1/blk_mem_gen_0.xci' is already up-to-date
[Wed Oct  4 16:48:24 2023] Launched synth_1...
Run output will be captured here: C:/Users/james/Desktop/EE2026 Project/MODS/MODS.runs/synth_1/runme.log
[Wed Oct  4 16:48:24 2023] Launched impl_1...
Run output will be captured here: C:/Users/james/Desktop/EE2026 Project/MODS/MODS.runs/impl_1/runme.log
exit
INFO: [Common 17-206] Exiting Vivado at Wed Oct  4 17:04:53 2023...
