#-----------------------------------------------------------
# Vivado v2018.2 (64-bit)
# SW Build 2258646 on Thu Jun 14 20:03:12 MDT 2018
# IP Build 2256618 on Thu Jun 14 22:10:49 MDT 2018
# Start of session at: Mon Oct  2 14:24:07 2023
# Process ID: 21028
# Current directory: C:/Users/elegst/AppData/Roaming/Xilinx/Vivado
# Command line: vivado.exe -gui_launcher_event rodinguilauncherevent18180
# Log file: C:/Users/elegst/AppData/Roaming/Xilinx/Vivado/vivado.log
# Journal file: C:/Users/elegst/AppData/Roaming/Xilinx/Vivado\vivado.jou
#-----------------------------------------------------------
start_gui
open_project {C:/Users/elegst/Documents/EE2026 Project/2023-23 Sem 1/To provide/MODS/MODS.xpr}
INFO: [Project 1-313] Project file moved from 'C:/Users/Christopher/Desktop/MODS' since last save.
Scanning sources...
Finished scanning sources
INFO: [IP_Flow 19-234] Refreshing IP repositories
INFO: [IP_Flow 19-1704] No user IP repositories specified
INFO: [IP_Flow 19-2313] Loaded Vivado IP repository 'C:/Xilinx/Vivado/2018.2/data/ip'.
update_compile_order -fileset sources_1
archive_project {C:/Users/elegst/Documents/EE2026 Project/2023-23 Sem 1/To provide/MODS.xpr.zip} -temp_dir C:/Users/elegst/AppData/Roaming/Xilinx/Vivado/.Xil/Vivado-21028-ECE-1CZ20808VG -force -include_local_ip_cache
INFO: [Coretcl 2-137] starting archive...
INFO: [Coretcl 2-1499] Saving project copy to temporary location 'C:/Users/elegst/AppData/Roaming/Xilinx/Vivado/.Xil/Vivado-21028-ECE-1CZ20808VG' for archiving project
Scanning sources...
Finished scanning sources
INFO: [Coretcl 2-1211] Creating project copy for archival...
INFO: [ProjectBase 1-495] The host OS only allows 260 characters in a normal path. The project is stored in a path with more than 80 characters. If you experience any problem with archiving the project, please consider setting environment variable $TEMP to a shorter path.
Current project path is 'C:/Users/elegst/AppData/Roaming/Xilinx/Vivado/.Xil/Vivado-21028-ECE-1CZ20808VG/PrjAr/_X_'.
INFO: [Coretcl 2-1213] Including run results for 'synth_1'
INFO: [Coretcl 2-1213] Including run results for 'impl_1'
